# MAUT PANEL PRO EDITION - ERROR LOG
# Owner: @maut_coder
# Powered by MAUT CODER
#
# This file contains all error messages and system warnings.
# Log format: YYYY-MM-DD HH:MM:SS - COMPONENT: Error Message
#
# Error Levels:
# DEBUG   - Detailed debugging information
# INFO    - General information messages  
# WARNING - Potential issues that don't stop operation
# ERROR   - Errors that affect functionality
# CRITICAL - Critical errors that may stop the system

2024-01-01 12:00:00 - INSTALL: Installation started - MAUT Panel Pro v2.1
2024-01-01 12:00:15 - INSTALL: System dependencies installed successfully
2024-01-01 12:01:30 - INSTALL: Xray core installed successfully
2024-01-01 12:02:45 - INSTALL: Panel directory structure created
2024-01-01 12:03:20 - INSTALL: Configuration files initialized
2024-01-01 12:04:10 - INSTALL: Cron jobs configured
2024-01-01 12:05:00 - INSTALL: SSH banner setup completed
2024-01-01 12:06:15 - INSTALL: MAUT Panel Pro installation completed successfully

2024-01-01 12:10:30 - SSH: Created user 'admin' with expiry 2025-12-31
2024-01-01 12:11:45 - SSH: Created user 'user1' with expiry 2024-06-30
2024-01-01 12:12:20 - SSH: ERROR - Failed to create user 'test_user' - user already exists

2024-01-01 12:15:10 - VMESS: Created user 'vm_user1' on port 8443
2024-01-01 12:16:25 - VMESS: Created user 'vm_user2' on port 8443
2024-01-01 12:17:40 - VMESS: WARNING - Xray configuration backup failed

2024-01-01 12:20:15 - VLESS: Created user 'vl_user1' with flow xtls-rprx-vision
2024-01-01 12:21:30 - VLESS: Created user 'vl_user2' with flow xtls-rprx-direct

2024-01-01 12:25:45 - TROJAN: Created user 'tj_user1' on port 2087
2024-01-01 12:26:20 - TROJAN: Created user 'tj_user2' on port 2087

2024-01-01 12:30:10 - SHADOWSOCKS: Created user 'ss_user1' with method aes-256-gcm
2024-01-01 12:31:25 - SHADOWSOCKS: Created user 'ss_user2' with method chacha20-poly1305

2024-01-01 12:35:40 - XRAY: Service restarted successfully
2024-01-01 12:36:15 - XRAY: Configuration test passed

2024-01-01 12:40:20 - BACKUP: Created backup: maut_backup_20240101_124020.tar.gz
2024-01-01 12:41:35 - BACKUP: Auto backup completed

2024-01-01 12:45:50 - MONITOR: System health check - All systems normal
2024-01-01 12:46:25 - MONITOR: WARNING - High memory usage: 85%

2024-01-01 12:50:30 - UPDATE: Checked for updates - System is up to date
2024-01-01 12:51:45 - UPDATE: ERROR - Failed to download update package

2024-01-01 12:55:10 - DOMAIN: SSL certificate issued for example.com
2024-01-01 12:56:25 - DOMAIN: WARNING - SSL certificate renewal failed

2024-01-01 13:00:40 - THEME: Applied theme: maut_default
2024-01-01 13:01:15 - THEME: Custom theme 'blue_ocean' created

2024-01-01 13:05:20 - BANNER: Default MAUT banner created
2024-01-01 13:06:35 - BANNER: SSH banner configured successfully

2024-01-01 13:10:50 - HELPER: System cleanup performed
2024-01-01 13:11:25 - HELPER: Multi-login check - No violations found

2024-01-01 13:15:30 - RENEW: User 'user1' renewed until 2024-12-31
2024-01-01 13:16:45 - RENEW: Auto-renewed 2 users expiring within 7 days

2024-01-01 13:20:10 - RESTART: All services restarted successfully
2024-01-01 13:21:25 - RESTART: ERROR - Failed to restart Xray service

2024-01-01 13:25:40 - AUTO-KILL: Killed multi-login session for user 'admin' (PID: 1234)
2024-01-01 13:26:15 - AUTO-KILL: Cleaned up 3 multi-login sessions

2024-01-01 13:30:20 - NETWORK: Port scan completed - 5 open ports found
2024-01-01 13:31:35 - NETWORK: Speed test completed - Download: 85.2 Mbps

2024-01-01 13:35:50 - ACTIVITY: Generated activity report
2024-01-01 13:36:25 - ACTIVITY: Real-time monitoring started

2024-01-01 13:40:30 - CLEANER: Log files cleaned
2024-01-01 13:41:45 - CLEANER: Temporary files removed - freed 245MB

# System Errors and Warnings
2024-01-01 14:00:00 - ERROR: Disk space running low - 90% used
2024-01-01 14:05:15 - ERROR: Xray service stopped unexpectedly
2024-01-01 14:10:30 - ERROR: SSH connection limit reached
2024-01-01 14:15:45 - ERROR: SSL certificate expired for domain example.com
2024-01-01 14:20:10 - ERROR: Backup failed - insufficient disk space
2024-01-01 14:25:25 - ERROR: User database corrupted - restoring from backup
2024-01-01 14:30:40 - ERROR: Network interface eth0 down
2024-01-01 14:35:55 - ERROR: Failed to renew Let's Encrypt certificate

# Security Events
2024-01-01 15:00:00 - SECURITY: Multiple failed SSH login attempts from 192.168.1.100
2024-01-01 15:05:15 - SECURITY: IP 192.168.1.100 blocked by fail2ban
2024-01-01 15:10:30 - SECURITY: Suspicious port scanning activity detected
2024-01-01 15:15:45 - SECURITY: Unauthorized access attempt to panel interface

# Performance Warnings
2024-01-01 16:00:00 - WARNING: High CPU usage detected - 95%
2024-01-01 16:05:15 - WARNING: Memory usage critical - 92%
2024-01-01 16:10:30 - WARNING: High load average - 4.5
2024-01-01 16:15:45 - WARNING: Disk I/O latency high

# Maintenance Events
2024-01-01 17:00:00 - MAINTENANCE: Scheduled system update started
2024-01-01 17:05:15 - MAINTENANCE: User database optimized
2024-01-01 17:10:30 - MAINTENANCE: Log files rotated
2024-01-01 17:15:45 - MAINTENANCE: Backup verification completed

# Recovery Events
2024-01-01 18:00:00 - RECOVERY: Xray service auto-restarted
2024-01-01 18:05:15 - RECOVERY: Failed login counter reset
2024-01-01 18:10:30 - RECOVERY: Disk space cleared - now 75% used
2024-01-01 18:15:45 - RECOVERY: Network connectivity restored

# End of log entries