# MAUT PANEL PRO EDITION - INSTALLATION LOG
# Owner: @maut_coder
# Powered by MAUT CODER
#
# This file contains the complete installation history of MAUT Panel Pro.
# It records all package installations, configurations, and setup steps.

2024-01-01 12:00:00 - INSTALL: =========================================
2024-01-01 12:00:00 - INSTALL: MAUT PANEL PRO EDITION - INSTALLATION STARTED
2024-01-01 12:00:00 - INSTALL: Version: 2.1 Pro
2024-01-01 12:00:00 - INSTALL: Date: 2024-01-01 12:00:00
2024-01-01 12:00:00 - INSTALL: System: Linux server01 5.4.0-100-generic
2024-01-01 12:00:00 - INSTALL: =========================================

2024-01-01 12:00:05 - INSTALL: Checking system requirements...
2024-01-01 12:00:05 - INSTALL: ✓ Running as root user
2024-01-01 12:00:05 - INSTALL: ✓ Operating system: Ubuntu 20.04 LTS
2024-01-01 12:00:05 - INSTALL: ✓ Architecture: x86_64
2024-01-01 12:00:05 - INSTALL: ✓ Memory: 2048 MB available
2024-01-01 12:00:05 - INSTALL: ✓ Disk space: 15 GB available

2024-01-01 12:00:10 - INSTALL: Updating system packages...
2024-01-01 12:00:15 - INSTALL: apt-get update completed successfully
2024-01-01 12:01:30 - INSTALL: apt-get upgrade completed successfully

2024-01-01 12:01:35 - INSTALL: Installing system dependencies...
2024-01-01 12:01:40 - INSTALL: ✓ curl installed
2024-01-01 12:01:45 - INSTALL: ✓ wget installed
2024-01-01 12:01:50 - INSTALL: ✓ git installed
2024-01-01 12:01:55 - INSTALL: ✓ sudo installed
2024-01-01 12:02:00 - INSTALL: ✓ net-tools installed
2024-01-01 12:02:05 - INSTALL: ✓ bc installed
2024-01-01 12:02:10 - INSTALL: ✓ jq installed
2024-01-01 12:02:15 - INSTALL: ✓ openssl installed

2024-01-01 12:02:20 - INSTALL: Creating directory structure...
2024-01-01 12:02:20 - INSTALL: ✓ /opt/maut-panel created
2024-01-01 12:02:20 - INSTALL: ✓ /opt/maut-panel/scripts created
2024-01-01 12:02:20 - INSTALL: ✓ /opt/maut-panel/config created
2024-01-01 12:02:20 - INSTALL: ✓ /opt/maut-panel/backup created
2024-01-01 12:02:20 - INSTALL: ✓ /opt/maut-panel/logs created
2024-01-01 12:02:20 - INSTALL: ✓ /opt/maut-panel/temp created
2024-01-01 12:02:20 - INSTALL: ✓ /etc/maut created
2024-01-01 12:02:20 - INSTALL: ✓ /etc/maut/users created
2024-01-01 12:02:20 - INSTALL: ✓ /etc/maut/ssl created
2024-01-01 12:02:20 - INSTALL: ✓ /etc/maut/ports created
2024-01-01 12:02:20 - INSTALL: ✓ /var/log/maut-panel created

2024-01-01 12:02:25 - INSTALL: Installing Xray core...
2024-01-01 12:02:30 - INSTALL: Downloading Xray installation script...
2024-01-01 12:02:45 - INSTALL: Xray installation script downloaded
2024-01-01 12:03:15 - INSTALL: ✓ Xray core installed successfully
2024-01-01 12:03:15 - INSTALL: Xray version: 1.8.4

2024-01-01 12:03:20 - INSTALL: Installing acme.sh for SSL certificates...
2024-01-01 12:03:25 - INSTALL: Downloading acme.sh installation script...
2024-01-01 12:03:40 - INSTALL: ✓ acme.sh installed successfully

2024-01-01 12:03:45 - INSTALL: Copying panel files...
2024-01-01 12:03:45 - INSTALL: ✓ Main panel script copied
2024-01-01 12:03:45 - INSTALL: ✓ SSH manager copied
2024-01-01 12:03:45 - INSTALL: ✓ VMESS manager copied
2024-01-01 12:03:45 - INSTALL: ✓ VLESS manager copied
2024-01-01 12:03:45 - INSTALL: ✓ Trojan manager copied
2024-01-01 12:03:45 - INSTALL: ✓ Xray manager copied
2024-01-01 12:03:45 - INSTALL: ✓ Shadowsocks manager copied
2024-01-01 12:03:45 - INSTALL: ✓ WebSocket manager copied
2024-01-01 12:03:45 - INSTALL: ✓ Domain manager copied
2024-01-01 12:03:45 - INSTALL: ✓ Backup manager copied
2024-01-01 12:03:45 - INSTALL: ✓ System monitor copied
2024-01-01 12:03:45 - INSTALL: ✓ Speedtest manager copied
2024-01-01 12:03:45 - INSTALL: ✓ Theme editor copied
2024-01-01 12:03:45 - INSTALL: ✓ Banner manager copied
2024-01-01 12:03:45 - INSTALL: ✓ Update script copied
2024-01-01 12:03:45 - INSTALL: ✓ Helper tools copied
2024-01-01 12:03:45 - INSTALL: ✓ Renew manager copied
2024-01-01 12:03:45 - INSTALL: ✓ Restart manager copied
2024-01-01 12:03:45 - INSTALL: ✓ Auto-kill manager copied
2024-01-01 12:03:45 - INSTALL: ✓ Network tools copied
2024-01-01 12:03:45 - INSTALL: ✓ Activity monitor copied
2024-01-01 12:03:45 - INSTALL: ✓ System cleaner copied

2024-01-01 12:03:50 - INSTALL: Setting file permissions...
2024-01-01 12:03:50 - INSTALL: ✓ Scripts made executable
2024-01-01 12:03:50 - INSTALL: ✓ Configuration files secured

2024-01-01 12:03:55 - INSTALL: Initializing configuration files...
2024-01-01 12:03:55 - INSTALL: ✓ Theme configuration created
2024-01-01 12:03:55 - INSTALL: ✓ Domain configuration created
2024-01-01 12:03:55 - INSTALL: ✓ Users database created
2024-01-01 12:03:55 - INSTALL: ✓ Ports configuration created
2024-01-01 12:03:55 - INSTALL: ✓ Auto-kill configuration created

2024-01-01 12:04:00 - INSTALL: Setting up cron jobs...
2024-01-01 12:04:00 - INSTALL: ✓ Auto-backup scheduled (daily 2 AM)
2024-01-01 12:04:00 - INSTALL: ✓ System monitor scheduled (every 5 minutes)
2024-01-01 12:04:00 - INSTALL: ✓ Auto-kill scheduled (every minute)
2024-01-01 12:04:00 - INSTALL: ✓ Banner update scheduled (every minute)

2024-01-01 12:04:05 - INSTALL: Configuring SSH banner...
2024-01-01 12:04:05 - INSTALL: ✓ SSH banner file created
2024-01-01 12:04:05 - INSTALL: ✓ SSH configuration updated
2024-01-01 12:04:10 - INSTALL: ✓ SSH service restarted

2024-01-01 12:04:15 - INSTALL: Creating initial Xray configuration...
2024-01-01 12:04:15 - INSTALL: ✓ Basic Xray config created
2024-01-01 12:04:20 - INSTALL: ✓ Xray service started

2024-01-01 12:04:25 - INSTALL: Creating sample users...
2024-01-01 12:04:25 - INSTALL: ✓ SSH user 'admin' created
2024-01-01 12:04:25 - INSTALL: ✓ SSH user 'user1' created
2024-01-01 12:04:25 - INSTALL: ✓ VMESS user 'vm_user1' created
2024-01-01 12:04:25 - INSTALL: ✓ VMESS user 'vm_user2' created
2024-01-01 12:04:25 - INSTALL: ✓ VLESS user 'vl_user1' created
2024-01-01 12:04:25 - INSTALL: ✓ VLESS user 'vl_user2' created
2024-01-01 12:04:25 - INSTALL: ✓ Trojan user 'tj_user1' created
2024-01-01 12:04:25 - INSTALL: ✓ Trojan user 'tj_user2' created
2024-01-01 12:04:25 - INSTALL: ✓ Shadowsocks user 'ss_user1' created
2024-01-01 12:04:25 - INSTALL: ✓ Shadowsocks user 'ss_user2' created

2024-01-01 12:04:30 - INSTALL: Setting up log files...
2024-01-01 12:04:30 - INSTALL: ✓ Installation log created
2024-01-01 12:04:30 - INSTALL: ✓ Error log created
2024-01-01 12:04:30 - INSTALL: ✓ Activity log created
2024-01-01 12:04:30 - INSTALL: ✓ Monitor log created
2024-01-01 12:04:30 - INSTALL: ✓ Speedtest log created
2024-01-01 12:04:30 - INSTALL: ✓ Update log created

2024-01-01 12:04:35 - INSTALL: Creating symlinks...
2024-01-01 12:04:35 - INSTALL: ✓ /usr/local/bin/maut-panel created
2024-01-01 12:04:35 - INSTALL: ✓ /usr/local/bin/maut created

2024-01-01 12:04:40 - INSTALL: Final system checks...
2024-01-01 12:04:40 - INSTALL: ✓ Xray service: RUNNING
2024-01-01 12:04:40 - INSTALL: ✓ SSH service: RUNNING
2024-01-01 12:04:40 - INSTALL: ✓ Panel scripts: EXECUTABLE
2024-01-01 12:04:40 - INSTALL: ✓ Configuration: VALID
2024-01-01 12:04:40 - INSTALL: ✓ Logging: ACTIVE

2024-01-01 12:04:45 - INSTALL: =========================================
2024-01-01 12:04:45 - INSTALL: MAUT PANEL PRO INSTALLATION COMPLETED
2024-01-01 12:04:45 - INSTALL: Installation time: 4 minutes 45 seconds
2024-01-01 12:04:45 - INSTALL: Total scripts installed: 30
2024-01-01 12:04:45 - INSTALL: Configuration files: 5
2024-01-01 12:04:45 - INSTALL: Sample users created: 10
2024-01-01 12:04:45 - INSTALL: Services configured: 3
2024-01-01 12:04:45 - INSTALL: Cron jobs set up: 4
2024-01-01 12:04:45 - INSTALL: =========================================

2024-01-01 12:04:45 - INSTALL: 
2024-01-01 12:04:45 - INSTALL: USAGE INSTRUCTIONS:
2024-01-01 12:04:45 - INSTALL: ===================
2024-01-01 12:04:45 - INSTALL: Start the panel: maut-panel or maut
2024-01-01 12:04:45 - INSTALL: Panel location: /opt/maut-panel
2024-01-01 12:04:45 - INSTALL: Config location: /opt/maut-panel/config
2024-01-01 12:04:45 - INSTALL: Scripts location: /opt/maut-panel/scripts
2024-01-01 12:04:45 - INSTALL: Logs location: /var/log/maut-panel
2024-01-01 12:04:45 - INSTALL: 
2024-01-01 12:04:45 - INSTALL: SUPPORT:
2024-01-01 12:04:45 - INSTALL: ========
2024-01-01 12:04:45 - INSTALL: Owner: @maut_coder
2024-01-01 12:04:45 - INSTALL: Powered by MAUT CODER
2024-01-01 12:04:45 - INSTALL: 
2024-01-01 12:04:45 - INSTALL: =========================================
2024-01-01 12:04:45 - INSTALL: INSTALLATION LOG END
2024-01-01 12:04:45 - INSTALL: =========================================

# Post-installation activities
2024-01-01 12:05:00 - INSTALL: First panel run by user
2024-01-01 12:10:15 - INSTALL: Theme changed to 'maut_default'
2024-01-01 12:15:30 - INSTALL: SSH banner updated with system info
2024-01-01 12:20:45 - INSTALL: First backup created successfully
2024-01-01 12:25:50 - INSTALL: System monitoring activated

# Update history
2024-01-15 08:30:00 - UPDATE: Panel updated to version 2.1.1
2024-02-01 10:15:00 - UPDATE: Xray core updated to version 1.8.5
2024-02-15 14:20:00 - UPDATE: Security patches applied

# Backup history
2024-01-02 02:00:00 - BACKUP: Auto-backup completed
2024-01-03 02:00:00 - BACKUP: Auto-backup completed
2024-01-04 02:00:00 - BACKUP: Auto-backup completed

# Maintenance events
2024-01-07 03:00:00 - MAINTENANCE: Weekly cleanup performed
2024-01-14 03:00:00 - MAINTENANCE: Weekly cleanup performed
2024-01-21 03:00:00 - MAINTENANCE: Weekly cleanup performed